<?xml version="1.0" encoding="UTF-8"?>
<testng-results ignored="0" total="2" passed="2" failed="0" skipped="0">
  <reporter-output>
  </reporter-output>
  <suite started-at="2021-02-20T08:36:01Z" name="InetBankingV1" finished-at="2021-02-20T08:36:42Z" duration-ms="40776">
    <groups>
    </groups>
    <test started-at="2021-02-20T08:36:01Z" name="BankingApp Test" finished-at="2021-02-20T08:36:42Z" duration-ms="40776">
      <class name="com.inetBanking.testCases.TC_LoginTest_001">
        <test-method is-config="true" signature="setup(java.lang.String)[pri:0, instance:com.inetBanking.testCases.TC_LoginTest_001@43ee72e6]" started-at="2021-02-20T08:36:02Z" name="setup" finished-at="2021-02-20T08:36:16Z" duration-ms="14336" status="PASS">
          <params>
            <param index="0">
              <value>
                <![CDATA[chrome]]>
              </value>
            </param>
          </params>
          <reporter-output>
          </reporter-output>
        </test-method> <!-- setup -->
        <test-method signature="loginTest()[pri:0, instance:com.inetBanking.testCases.TC_LoginTest_001@43ee72e6]" started-at="2021-02-20T08:36:16Z" name="loginTest" finished-at="2021-02-20T08:36:21Z" duration-ms="4858" status="PASS">
          <reporter-output>
          </reporter-output>
        </test-method> <!-- loginTest -->
        <test-method is-config="true" signature="tearDown()[pri:0, instance:com.inetBanking.testCases.TC_LoginTest_001@43ee72e6]" started-at="2021-02-20T08:36:21Z" name="tearDown" finished-at="2021-02-20T08:36:22Z" duration-ms="1107" status="PASS">
          <reporter-output>
          </reporter-output>
        </test-method> <!-- tearDown -->
      </class> <!-- com.inetBanking.testCases.TC_LoginTest_001 -->
      <class name="com.inetBanking.testCases.AddNewCustomerTest">
        <test-method is-config="true" signature="setup(java.lang.String)[pri:0, instance:com.inetBanking.testCases.AddNewCustomerTest@23529fee]" started-at="2021-02-20T08:36:22Z" name="setup" finished-at="2021-02-20T08:36:30Z" duration-ms="7721" status="PASS">
          <params>
            <param index="0">
              <value>
                <![CDATA[chrome]]>
              </value>
            </param>
          </params>
          <reporter-output>
          </reporter-output>
        </test-method> <!-- setup -->
        <test-method signature="addnewcustomer()[pri:0, instance:com.inetBanking.testCases.AddNewCustomerTest@23529fee]" started-at="2021-02-20T08:36:30Z" name="addnewcustomer" finished-at="2021-02-20T08:36:41Z" duration-ms="11362" status="PASS">
          <reporter-output>
          </reporter-output>
        </test-method> <!-- addnewcustomer -->
        <test-method is-config="true" signature="tearDown()[pri:0, instance:com.inetBanking.testCases.AddNewCustomerTest@23529fee]" started-at="2021-02-20T08:36:41Z" name="tearDown" finished-at="2021-02-20T08:36:42Z" duration-ms="850" status="PASS">
          <reporter-output>
          </reporter-output>
        </test-method> <!-- tearDown -->
      </class> <!-- com.inetBanking.testCases.AddNewCustomerTest -->
    </test> <!-- BankingApp Test -->
  </suite> <!-- InetBankingV1 -->
</testng-results>
